  Level.cpp
C:\Users\lucar\Documents\GitHub\team-dratini-group-project-Blacksmith-game\Coursework\CMP105App\Level.cpp(80,44): warning C4244: 'argument': conversion from 'T' to 'float', possible loss of data
C:\Users\lucar\Documents\GitHub\team-dratini-group-project-Blacksmith-game\Coursework\CMP105App\Level.cpp(80,44): warning C4244:         with
C:\Users\lucar\Documents\GitHub\team-dratini-group-project-Blacksmith-game\Coursework\CMP105App\Level.cpp(80,44): warning C4244:         [
C:\Users\lucar\Documents\GitHub\team-dratini-group-project-Blacksmith-game\Coursework\CMP105App\Level.cpp(80,44): warning C4244:             T=unsigned int
C:\Users\lucar\Documents\GitHub\team-dratini-group-project-Blacksmith-game\Coursework\CMP105App\Level.cpp(80,44): warning C4244:         ]
C:\Users\lucar\Documents\GitHub\team-dratini-group-project-Blacksmith-game\Coursework\CMP105App\Level.cpp(90,54): warning C4244: 'argument': conversion from 'T' to 'float', possible loss of data
C:\Users\lucar\Documents\GitHub\team-dratini-group-project-Blacksmith-game\Coursework\CMP105App\Level.cpp(90,54): warning C4244:         with
C:\Users\lucar\Documents\GitHub\team-dratini-group-project-Blacksmith-game\Coursework\CMP105App\Level.cpp(90,54): warning C4244:         [
C:\Users\lucar\Documents\GitHub\team-dratini-group-project-Blacksmith-game\Coursework\CMP105App\Level.cpp(90,54): warning C4244:             T=unsigned int
C:\Users\lucar\Documents\GitHub\team-dratini-group-project-Blacksmith-game\Coursework\CMP105App\Level.cpp(90,54): warning C4244:         ]
C:\Users\lucar\Documents\GitHub\team-dratini-group-project-Blacksmith-game\Coursework\CMP105App\Level.cpp(100,43): warning C4244: 'argument': conversion from 'T' to 'float', possible loss of data
C:\Users\lucar\Documents\GitHub\team-dratini-group-project-Blacksmith-game\Coursework\CMP105App\Level.cpp(100,43): warning C4244:         with
C:\Users\lucar\Documents\GitHub\team-dratini-group-project-Blacksmith-game\Coursework\CMP105App\Level.cpp(100,43): warning C4244:         [
C:\Users\lucar\Documents\GitHub\team-dratini-group-project-Blacksmith-game\Coursework\CMP105App\Level.cpp(100,43): warning C4244:             T=unsigned int
C:\Users\lucar\Documents\GitHub\team-dratini-group-project-Blacksmith-game\Coursework\CMP105App\Level.cpp(100,43): warning C4244:         ]
C:\Users\lucar\Documents\GitHub\team-dratini-group-project-Blacksmith-game\Coursework\CMP105App\Level.cpp(110,54): warning C4244: 'argument': conversion from 'T' to 'float', possible loss of data
C:\Users\lucar\Documents\GitHub\team-dratini-group-project-Blacksmith-game\Coursework\CMP105App\Level.cpp(110,54): warning C4244:         with
C:\Users\lucar\Documents\GitHub\team-dratini-group-project-Blacksmith-game\Coursework\CMP105App\Level.cpp(110,54): warning C4244:         [
C:\Users\lucar\Documents\GitHub\team-dratini-group-project-Blacksmith-game\Coursework\CMP105App\Level.cpp(110,54): warning C4244:             T=unsigned int
C:\Users\lucar\Documents\GitHub\team-dratini-group-project-Blacksmith-game\Coursework\CMP105App\Level.cpp(110,54): warning C4244:         ]
  Main.cpp
  Generating Code...
  CMP105App.vcxproj -> C:\Users\lucar\Documents\GitHub\team-dratini-group-project-Blacksmith-game\Coursework\x64\Debug\CMP105App.exe
